This file contains any messages produced by compilers while
running configure, to aid debugging if configure makes a mistake.

It was created by nftables_gui configure 0.1, which was
generated by GNU Autoconf 2.69.  Invocation command line was

  $ /home/caballeroalba/nftables-gui/configure --enable-maintainer-mode CFLAGS=-g -O0 CXXFLAGS=-g -O0 JFLAGS=-g -O0 FFLAGS=-g -O0

## --------- ##
## Platform. ##
## --------- ##

hostname = NEPTUNO
uname -m = x86_64
uname -r = 3.18.2-falcot
uname -s = Linux
uname -v = #1 SMP Wed Jan 14 15:41:41 CET 2015

/usr/bin/uname -p = unknown
/bin/uname -X     = unknown

/bin/arch              = unknown
/usr/bin/arch -k       = unknown
/usr/convex/getsysinfo = unknown
/usr/bin/hostinfo      = unknown
/bin/machine           = unknown
/usr/bin/oslevel       = unknown
/bin/universe          = unknown

PATH: /usr/local/sbin
PATH: /usr/local/bin
PATH: /usr/sbin
PATH: /usr/bin
PATH: /sbin
PATH: /bin
PATH: /usr/games
PATH: /usr/local/games


## ----------- ##
## Core tests. ##
## ----------- ##

configure:2315: checking for a BSD-compatible install
configure:2383: result: /usr/bin/install -c
configure:2394: checking whether build environment is sane
configure:2449: result: yes
configure:2600: checking for a thread-safe mkdir -p
configure:2639: result: /bin/mkdir -p
configure:2646: checking for gawk
configure:2676: result: no
configure:2646: checking for mawk
configure:2662: found /usr/bin/mawk
configure:2673: result: mawk
configure:2684: checking whether make sets $(MAKE)
configure:2706: result: yes
configure:2735: checking whether make supports nested variables
configure:2752: result: yes
configure:2889: checking whether make supports nested variables
configure:2906: result: yes
configure:2966: checking for gcc
configure:2982: found /usr/bin/gcc
configure:2993: result: gcc
configure:3222: checking for C compiler version
configure:3231: gcc --version >&5
gcc (Ubuntu 4.8.2-19ubuntu1) 4.8.2
Copyright (C) 2013 Free Software Foundation, Inc.
This is free software; see the source for copying conditions.  There is NO
warranty; not even for MERCHANTABILITY or FITNESS FOR A PARTICULAR PURPOSE.

configure:3242: $? = 0
configure:3231: gcc -v >&5
Using built-in specs.
COLLECT_GCC=gcc
COLLECT_LTO_WRAPPER=/usr/lib/gcc/x86_64-linux-gnu/4.8/lto-wrapper
Target: x86_64-linux-gnu
Configured with: ../src/configure -v --with-pkgversion='Ubuntu 4.8.2-19ubuntu1' --with-bugurl=file:///usr/share/doc/gcc-4.8/README.Bugs --enable-languages=c,c++,java,go,d,fortran,objc,obj-c++ --prefix=/usr --program-suffix=-4.8 --enable-shared --enable-linker-build-id --libexecdir=/usr/lib --without-included-gettext --enable-threads=posix --with-gxx-include-dir=/usr/include/c++/4.8 --libdir=/usr/lib --enable-nls --with-sysroot=/ --enable-clocale=gnu --enable-libstdcxx-debug --enable-libstdcxx-time=yes --enable-gnu-unique-object --disable-libmudflap --enable-plugin --with-system-zlib --disable-browser-plugin --enable-java-awt=gtk --enable-gtk-cairo --with-java-home=/usr/lib/jvm/java-1.5.0-gcj-4.8-amd64/jre --enable-java-home --with-jvm-root-dir=/usr/lib/jvm/java-1.5.0-gcj-4.8-amd64 --with-jvm-jar-dir=/usr/lib/jvm-exports/java-1.5.0-gcj-4.8-amd64 --with-arch-directory=amd64 --with-ecj-jar=/usr/share/java/eclipse-ecj.jar --enable-objc-gc --enable-multiarch --disable-werror --with-arch-32=i686 --with-abi=m64 --with-multilib-list=m32,m64,mx32 --with-tune=generic --enable-checking=release --build=x86_64-linux-gnu --host=x86_64-linux-gnu --target=x86_64-linux-gnu
Thread model: posix
gcc version 4.8.2 (Ubuntu 4.8.2-19ubuntu1) 
configure:3242: $? = 0
configure:3231: gcc -V >&5
gcc: error: unrecognized command line option '-V'
gcc: fatal error: no input files
compilation terminated.
configure:3242: $? = 4
configure:3231: gcc -qversion >&5
gcc: error: unrecognized command line option '-qversion'
gcc: fatal error: no input files
compilation terminated.
configure:3242: $? = 4
configure:3262: checking whether the C compiler works
configure:3284: gcc -g -O0   conftest.c  >&5
configure:3288: $? = 0
configure:3336: result: yes
configure:3339: checking for C compiler default output file name
configure:3341: result: a.out
configure:3347: checking for suffix of executables
configure:3354: gcc -o conftest -g -O0   conftest.c  >&5
configure:3358: $? = 0
configure:3380: result: 
configure:3402: checking whether we are cross compiling
configure:3410: gcc -o conftest -g -O0   conftest.c  >&5
configure:3414: $? = 0
configure:3421: ./conftest
configure:3425: $? = 0
configure:3440: result: no
configure:3445: checking for suffix of object files
configure:3467: gcc -c -g -O0  conftest.c >&5
configure:3471: $? = 0
configure:3492: result: o
configure:3496: checking whether we are using the GNU C compiler
configure:3515: gcc -c -g -O0  conftest.c >&5
configure:3515: $? = 0
configure:3524: result: yes
configure:3533: checking whether gcc accepts -g
configure:3553: gcc -c -g  conftest.c >&5
configure:3553: $? = 0
configure:3594: result: yes
configure:3611: checking for gcc option to accept ISO C89
configure:3674: gcc  -c -g -O0  conftest.c >&5
configure:3674: $? = 0
configure:3687: result: none needed
configure:3712: checking whether gcc understands -c and -o together
configure:3734: gcc -c conftest.c -o conftest2.o
configure:3737: $? = 0
configure:3734: gcc -c conftest.c -o conftest2.o
configure:3737: $? = 0
configure:3749: result: yes
configure:3777: checking for style of include used by make
configure:3805: result: GNU
configure:3831: checking dependency style of gcc
configure:3942: result: gcc3
configure:3962: checking whether NLS is requested
configure:3971: result: yes
configure:3990: checking for intltool >= 0.35.0
configure:3992: result: 0.50.2 found
configure:4000: checking for intltool-update
configure:4018: found /usr/bin/intltool-update
configure:4030: result: /usr/bin/intltool-update
configure:4040: checking for intltool-merge
configure:4058: found /usr/bin/intltool-merge
configure:4070: result: /usr/bin/intltool-merge
configure:4080: checking for intltool-extract
configure:4098: found /usr/bin/intltool-extract
configure:4110: result: /usr/bin/intltool-extract
configure:4264: checking for xgettext
configure:4282: found /usr/bin/xgettext
configure:4294: result: /usr/bin/xgettext
configure:4304: checking for msgmerge
configure:4322: found /usr/bin/msgmerge
configure:4334: result: /usr/bin/msgmerge
configure:4344: checking for msgfmt
configure:4362: found /usr/bin/msgfmt
configure:4374: result: /usr/bin/msgfmt
configure:4384: checking for gmsgfmt
configure:4415: result: /usr/bin/msgfmt
configure:4435: checking for perl
configure:4453: found /usr/bin/perl
configure:4465: result: /usr/bin/perl
configure:4476: checking for perl >= 5.8.1
configure:4483: result: 5.18.2
configure:4487: checking for XML::Parser
configure:4490: result: ok
configure:4515: gcc -o conftest -g -O0   conftest.c  >&5
configure:4515: $? = 0
configure:4555: checking how to run the C preprocessor
configure:4586: gcc -E  conftest.c
configure:4586: $? = 0
configure:4600: gcc -E  conftest.c
conftest.c:12:28: fatal error: ac_nonexistent.h: No such file or directory
 #include <ac_nonexistent.h>
                            ^
compilation terminated.
configure:4600: $? = 1
configure: failed program was:
| /* confdefs.h */
| #define PACKAGE_NAME "nftables_gui"
| #define PACKAGE_TARNAME "nftables_gui"
| #define PACKAGE_VERSION "0.1"
| #define PACKAGE_STRING "nftables_gui 0.1"
| #define PACKAGE_BUGREPORT ""
| #define PACKAGE_URL ""
| #define PACKAGE "nftables_gui"
| #define VERSION "0.1"
| #define GETTEXT_PACKAGE "nftables_gui"
| /* end confdefs.h.  */
| #include <ac_nonexistent.h>
configure:4625: result: gcc -E
configure:4645: gcc -E  conftest.c
configure:4645: $? = 0
configure:4659: gcc -E  conftest.c
conftest.c:12:28: fatal error: ac_nonexistent.h: No such file or directory
 #include <ac_nonexistent.h>
                            ^
compilation terminated.
configure:4659: $? = 1
configure: failed program was:
| /* confdefs.h */
| #define PACKAGE_NAME "nftables_gui"
| #define PACKAGE_TARNAME "nftables_gui"
| #define PACKAGE_VERSION "0.1"
| #define PACKAGE_STRING "nftables_gui 0.1"
| #define PACKAGE_BUGREPORT ""
| #define PACKAGE_URL ""
| #define PACKAGE "nftables_gui"
| #define VERSION "0.1"
| #define GETTEXT_PACKAGE "nftables_gui"
| /* end confdefs.h.  */
| #include <ac_nonexistent.h>
configure:4688: checking for grep that handles long lines and -e
configure:4746: result: /bin/grep
configure:4751: checking for egrep
configure:4813: result: /bin/grep -E
configure:4818: checking for ANSI C header files
configure:4838: gcc -c -g -O0  conftest.c >&5
configure:4838: $? = 0
configure:4911: gcc -o conftest -g -O0   conftest.c  >&5
configure:4911: $? = 0
configure:4911: ./conftest
configure:4911: $? = 0
configure:4922: result: yes
configure:4935: checking for sys/types.h
configure:4935: gcc -c -g -O0  conftest.c >&5
configure:4935: $? = 0
configure:4935: result: yes
configure:4935: checking for sys/stat.h
configure:4935: gcc -c -g -O0  conftest.c >&5
configure:4935: $? = 0
configure:4935: result: yes
configure:4935: checking for stdlib.h
configure:4935: gcc -c -g -O0  conftest.c >&5
configure:4935: $? = 0
configure:4935: result: yes
configure:4935: checking for string.h
configure:4935: gcc -c -g -O0  conftest.c >&5
configure:4935: $? = 0
configure:4935: result: yes
configure:4935: checking for memory.h
configure:4935: gcc -c -g -O0  conftest.c >&5
configure:4935: $? = 0
configure:4935: result: yes
configure:4935: checking for strings.h
configure:4935: gcc -c -g -O0  conftest.c >&5
configure:4935: $? = 0
configure:4935: result: yes
configure:4935: checking for inttypes.h
configure:4935: gcc -c -g -O0  conftest.c >&5
configure:4935: $? = 0
configure:4935: result: yes
configure:4935: checking for stdint.h
configure:4935: gcc -c -g -O0  conftest.c >&5
configure:4935: $? = 0
configure:4935: result: yes
configure:4935: checking for unistd.h
configure:4935: gcc -c -g -O0  conftest.c >&5
configure:4935: $? = 0
configure:4935: result: yes
configure:4950: checking locale.h usability
configure:4950: gcc -c -g -O0  conftest.c >&5
configure:4950: $? = 0
configure:4950: result: yes
configure:4950: checking locale.h presence
configure:4950: gcc -E  conftest.c
configure:4950: $? = 0
configure:4950: result: yes
configure:4950: checking for locale.h
configure:4950: result: yes
configure:4961: checking for LC_MESSAGES
configure:4977: gcc -o conftest -g -O0   conftest.c  >&5
configure:4977: $? = 0
configure:4985: result: yes
configure:5002: checking libintl.h usability
configure:5002: gcc -c -g -O0  conftest.c >&5
configure:5002: $? = 0
configure:5002: result: yes
configure:5002: checking libintl.h presence
configure:5002: gcc -E  conftest.c
configure:5002: $? = 0
configure:5002: result: yes
configure:5002: checking for libintl.h
configure:5002: result: yes
configure:5010: checking for ngettext in libc
configure:5028: gcc -o conftest -g -O0   conftest.c  >&5
configure:5028: $? = 0
configure:5037: result: yes
configure:5041: checking for dgettext in libc
configure:5059: gcc -o conftest -g -O0   conftest.c  >&5
configure:5059: $? = 0
configure:5068: result: yes
configure:5075: checking for bind_textdomain_codeset
configure:5075: gcc -o conftest -g -O0   conftest.c  >&5
configure:5075: $? = 0
configure:5075: result: yes
configure:5351: checking for msgfmt
configure:5378: result: /usr/bin/msgfmt
configure:5389: checking for dcgettext
configure:5389: gcc -o conftest -g -O0   conftest.c   >&5
conftest.c:49:6: warning: conflicting types for built-in function 'dcgettext' [enabled by default]
 char dcgettext ();
      ^
configure:5389: $? = 0
configure:5389: result: yes
configure:5399: checking if msgfmt accepts -c
configure:5414: $MSGFMT -c -o /dev/null conftest.foo
conftest.foo:3: warning: header field 'Language' missing in header
configure:5417: $? = 0
configure:5419: result: yes
configure:5429: checking for gmsgfmt
configure:5460: result: /usr/bin/msgfmt
configure:5470: checking for xgettext
configure:5497: result: /usr/bin/xgettext
configure:5516: gcc -o conftest -g -O0   conftest.c   >&5
configure:5516: $? = 0
configure:5689: checking build system type
configure:5703: result: x86_64-unknown-linux-gnu
configure:5723: checking host system type
configure:5736: result: x86_64-unknown-linux-gnu
configure:5777: checking how to print strings
configure:5804: result: printf
configure:5825: checking for a sed that does not truncate output
configure:5889: result: /bin/sed
configure:5907: checking for fgrep
configure:5969: result: /bin/grep -F
configure:6004: checking for ld used by gcc
configure:6071: result: /usr/bin/ld
configure:6078: checking if the linker (/usr/bin/ld) is GNU ld
configure:6093: result: yes
configure:6105: checking for BSD- or MS-compatible name lister (nm)
configure:6154: result: /usr/bin/nm -B
configure:6284: checking the name lister (/usr/bin/nm -B) interface
configure:6291: gcc -c -g -O0  conftest.c >&5
configure:6294: /usr/bin/nm -B "conftest.o"
configure:6297: output
0000000000000000 B some_variable
configure:6304: result: BSD nm
configure:6307: checking whether ln -s works
configure:6311: result: yes
configure:6319: checking the maximum length of command line arguments
configure:6450: result: 1572864
configure:6467: checking whether the shell understands some XSI constructs
configure:6477: result: yes
configure:6481: checking whether the shell understands "+="
configure:6487: result: yes
configure:6522: checking how to convert x86_64-unknown-linux-gnu file names to x86_64-unknown-linux-gnu format
configure:6562: result: func_convert_file_noop
configure:6569: checking how to convert x86_64-unknown-linux-gnu file names to toolchain format
configure:6589: result: func_convert_file_noop
configure:6596: checking for /usr/bin/ld option to reload object files
configure:6603: result: -r
configure:6677: checking for objdump
configure:6693: found /usr/bin/objdump
configure:6704: result: objdump
configure:6736: checking how to recognize dependent libraries
configure:6934: result: pass_all
configure:7019: checking for dlltool
configure:7049: result: no
configure:7079: checking how to associate runtime and link libraries
configure:7106: result: printf %s\n
configure:7166: checking for ar
configure:7182: found /usr/bin/ar
configure:7193: result: ar
configure:7230: checking for archiver @FILE support
configure:7247: gcc -c -g -O0  conftest.c >&5
configure:7247: $? = 0
configure:7250: ar cru libconftest.a @conftest.lst >&5
configure:7253: $? = 0
configure:7258: ar cru libconftest.a @conftest.lst >&5
ar: conftest.o: No such file or directory
configure:7261: $? = 1
configure:7273: result: @
configure:7331: checking for strip
configure:7347: found /usr/bin/strip
configure:7358: result: strip
configure:7430: checking for ranlib
configure:7446: found /usr/bin/ranlib
configure:7457: result: ranlib
configure:7559: checking command to parse /usr/bin/nm -B output from gcc object
configure:7679: gcc -c -g -O0  conftest.c >&5
configure:7682: $? = 0
configure:7686: /usr/bin/nm -B conftest.o \| sed -n -e 's/^.*[ ]\([ABCDGIRSTW][ABCDGIRSTW]*\)[ ][ ]*\([_A-Za-z][_A-Za-z0-9]*\)$/\1 \2 \2/p' | sed '/ __gnu_lto/d' \> conftest.nm
configure:7689: $? = 0
configure:7755: gcc -o conftest -g -O0   conftest.c conftstm.o >&5
configure:7758: $? = 0
configure:7796: result: ok
configure:7833: checking for sysroot
configure:7863: result: no
configure:7940: gcc -c -g -O0  conftest.c >&5
configure:7943: $? = 0
configure:8132: checking for mt
configure:8148: found /bin/mt
configure:8159: result: mt
configure:8182: checking if mt is a manifest tool
configure:8188: mt '-?'
configure:8196: result: no
configure:8835: checking for dlfcn.h
configure:8835: gcc -c -g -O0  conftest.c >&5
configure:8835: $? = 0
configure:8835: result: yes
configure:9041: checking for objdir
configure:9056: result: .libs
configure:9323: checking if gcc supports -fno-rtti -fno-exceptions
configure:9341: gcc -c -g -O0  -fno-rtti -fno-exceptions conftest.c >&5
cc1: warning: command line option '-fno-rtti' is valid for C++/ObjC++ but not for C [enabled by default]
configure:9345: $? = 0
configure:9358: result: no
configure:9685: checking for gcc option to produce PIC
configure:9692: result: -fPIC -DPIC
configure:9700: checking if gcc PIC flag -fPIC -DPIC works
configure:9718: gcc -c -g -O0  -fPIC -DPIC -DPIC conftest.c >&5
configure:9722: $? = 0
configure:9735: result: yes
configure:9764: checking if gcc static flag -static works
configure:9792: result: yes
configure:9807: checking if gcc supports -c -o file.o
configure:9828: gcc -c -g -O0  -o out/conftest2.o conftest.c >&5
configure:9832: $? = 0
configure:9854: result: yes
configure:9862: checking if gcc supports -c -o file.o
configure:9909: result: yes
configure:9942: checking whether the gcc linker (/usr/bin/ld -m elf_x86_64) supports shared libraries
configure:11099: result: yes
configure:11136: checking whether -lc should be explicitly linked in
configure:11144: gcc -c -g -O0  conftest.c >&5
configure:11147: $? = 0
configure:11162: gcc -shared  -fPIC -DPIC conftest.o  -v -Wl,-soname -Wl,conftest -o conftest 2\>\&1 \| /bin/grep  -lc  \>/dev/null 2\>\&1
configure:11165: $? = 0
configure:11179: result: no
configure:11339: checking dynamic linker characteristics
configure:11839: gcc -o conftest -g -O0   -Wl,-rpath -Wl,/foo conftest.c  >&5
configure:11839: $? = 0
configure:12073: result: GNU/Linux ld.so
configure:12180: checking how to hardcode library paths into programs
configure:12205: result: immediate
configure:12745: checking whether stripping libraries is possible
configure:12750: result: yes
configure:12785: checking if libtool supports shared libraries
configure:12787: result: yes
configure:12790: checking whether to build shared libraries
configure:12811: result: yes
configure:12814: checking whether to build static libraries
configure:12818: result: yes
configure:12911: checking for pkg-config
configure:12929: found /usr/bin/pkg-config
configure:12941: result: /usr/bin/pkg-config
configure:12966: checking pkg-config is at least version 0.9.0
configure:12969: result: yes
configure:12979: checking for NFTABLES_GUI
configure:12986: $PKG_CONFIG --exists --print-errors "ncurses "
configure:12989: $? = 0
configure:13003: $PKG_CONFIG --exists --print-errors "ncurses "
configure:13006: $? = 0
configure:13064: result: yes
configure:13183: checking that generated files are newer than configure
configure:13189: result: done
configure:13216: creating ./config.status

## ---------------------- ##
## Running config.status. ##
## ---------------------- ##

This file was extended by nftables_gui config.status 0.1, which was
generated by GNU Autoconf 2.69.  Invocation command line was

  CONFIG_FILES    = 
  CONFIG_HEADERS  = 
  CONFIG_LINKS    = 
  CONFIG_COMMANDS = 
  $ ./config.status 

on NEPTUNO

config.status:1164: creating Makefile
config.status:1164: creating src/Makefile
config.status:1164: creating po/Makefile.in
config.status:1164: creating config.h
config.status:1378: executing depfiles commands
config.status:1378: executing default-1 commands
config.status:1378: executing libtool commands
config.status:1378: executing po/stamp-it commands
configure:15464: WARNING: unrecognized options: --enable-maintainer-mode

## ---------------- ##
## Cache variables. ##
## ---------------- ##

ac_cv_build=x86_64-unknown-linux-gnu
ac_cv_c_compiler_gnu=yes
ac_cv_env_CC_set=
ac_cv_env_CC_value=
ac_cv_env_CFLAGS_set=set
ac_cv_env_CFLAGS_value='-g -O0'
ac_cv_env_CPPFLAGS_set=
ac_cv_env_CPPFLAGS_value=
ac_cv_env_CPP_set=
ac_cv_env_CPP_value=
ac_cv_env_LDFLAGS_set=
ac_cv_env_LDFLAGS_value=
ac_cv_env_LIBS_set=
ac_cv_env_LIBS_value=
ac_cv_env_NFTABLES_GUI_CFLAGS_set=
ac_cv_env_NFTABLES_GUI_CFLAGS_value=
ac_cv_env_NFTABLES_GUI_LIBS_set=
ac_cv_env_NFTABLES_GUI_LIBS_value=
ac_cv_env_PKG_CONFIG_LIBDIR_set=
ac_cv_env_PKG_CONFIG_LIBDIR_value=
ac_cv_env_PKG_CONFIG_PATH_set=
ac_cv_env_PKG_CONFIG_PATH_value=
ac_cv_env_PKG_CONFIG_set=
ac_cv_env_PKG_CONFIG_value=
ac_cv_env_build_alias_set=
ac_cv_env_build_alias_value=
ac_cv_env_host_alias_set=
ac_cv_env_host_alias_value=
ac_cv_env_target_alias_set=
ac_cv_env_target_alias_value=
ac_cv_func_bind_textdomain_codeset=yes
ac_cv_func_dcgettext=yes
ac_cv_header_dlfcn_h=yes
ac_cv_header_inttypes_h=yes
ac_cv_header_libintl_h=yes
ac_cv_header_locale_h=yes
ac_cv_header_memory_h=yes
ac_cv_header_stdc=yes
ac_cv_header_stdint_h=yes
ac_cv_header_stdlib_h=yes
ac_cv_header_string_h=yes
ac_cv_header_strings_h=yes
ac_cv_header_sys_stat_h=yes
ac_cv_header_sys_types_h=yes
ac_cv_header_unistd_h=yes
ac_cv_host=x86_64-unknown-linux-gnu
ac_cv_objext=o
ac_cv_path_EGREP='/bin/grep -E'
ac_cv_path_FGREP='/bin/grep -F'
ac_cv_path_GMSGFMT=/usr/bin/msgfmt
ac_cv_path_GREP=/bin/grep
ac_cv_path_INTLTOOL_EXTRACT=/usr/bin/intltool-extract
ac_cv_path_INTLTOOL_MERGE=/usr/bin/intltool-merge
ac_cv_path_INTLTOOL_PERL=/usr/bin/perl
ac_cv_path_INTLTOOL_UPDATE=/usr/bin/intltool-update
ac_cv_path_MSGFMT=/usr/bin/msgfmt
ac_cv_path_MSGMERGE=/usr/bin/msgmerge
ac_cv_path_SED=/bin/sed
ac_cv_path_XGETTEXT=/usr/bin/xgettext
ac_cv_path_ac_pt_PKG_CONFIG=/usr/bin/pkg-config
ac_cv_path_install='/usr/bin/install -c'
ac_cv_path_mkdir=/bin/mkdir
ac_cv_prog_AWK=mawk
ac_cv_prog_CPP='gcc -E'
ac_cv_prog_ac_ct_AR=ar
ac_cv_prog_ac_ct_CC=gcc
ac_cv_prog_ac_ct_MANIFEST_TOOL=mt
ac_cv_prog_ac_ct_OBJDUMP=objdump
ac_cv_prog_ac_ct_RANLIB=ranlib
ac_cv_prog_ac_ct_STRIP=strip
ac_cv_prog_cc_c89=
ac_cv_prog_cc_g=yes
ac_cv_prog_make_make_set=yes
am_cv_CC_dependencies_compiler_type=gcc3
am_cv_make_support_nested_variables=yes
am_cv_prog_cc_c_o=yes
am_cv_val_LC_MESSAGES=yes
gt_cv_func_dgettext_libc=yes
gt_cv_func_dgettext_libintl=no
gt_cv_func_ngettext_libc=yes
gt_cv_have_gettext=yes
lt_cv_ar_at_file=@
lt_cv_archive_cmds_need_lc=no
lt_cv_deplibs_check_method=pass_all
lt_cv_file_magic_cmd='$MAGIC_CMD'
lt_cv_file_magic_test_file=
lt_cv_ld_reload_flag=-r
lt_cv_nm_interface='BSD nm'
lt_cv_objdir=.libs
lt_cv_path_LD=/usr/bin/ld
lt_cv_path_NM='/usr/bin/nm -B'
lt_cv_path_mainfest_tool=no
lt_cv_prog_compiler_c_o=yes
lt_cv_prog_compiler_pic='-fPIC -DPIC'
lt_cv_prog_compiler_pic_works=yes
lt_cv_prog_compiler_rtti_exceptions=no
lt_cv_prog_compiler_static_works=yes
lt_cv_prog_gnu_ld=yes
lt_cv_sharedlib_from_linklib_cmd='printf %s\n'
lt_cv_shlibpath_overrides_runpath=no
lt_cv_sys_global_symbol_pipe='sed -n -e '\''s/^.*[	 ]\([ABCDGIRSTW][ABCDGIRSTW]*\)[	 ][	 ]*\([_A-Za-z][_A-Za-z0-9]*\)$/\1 \2 \2/p'\'' | sed '\''/ __gnu_lto/d'\'''
lt_cv_sys_global_symbol_to_c_name_address='sed -n -e '\''s/^: \([^ ]*\)[ ]*$/  {\"\1\", (void *) 0},/p'\'' -e '\''s/^[ABCDGIRSTW]* \([^ ]*\) \([^ ]*\)$/  {"\2", (void *) \&\2},/p'\'''
lt_cv_sys_global_symbol_to_c_name_address_lib_prefix='sed -n -e '\''s/^: \([^ ]*\)[ ]*$/  {\"\1\", (void *) 0},/p'\'' -e '\''s/^[ABCDGIRSTW]* \([^ ]*\) \(lib[^ ]*\)$/  {"\2", (void *) \&\2},/p'\'' -e '\''s/^[ABCDGIRSTW]* \([^ ]*\) \([^ ]*\)$/  {"lib\2", (void *) \&\2},/p'\'''
lt_cv_sys_global_symbol_to_cdecl='sed -n -e '\''s/^T .* \(.*\)$/extern int \1();/p'\'' -e '\''s/^[ABCDGIRSTW]* .* \(.*\)$/extern char \1;/p'\'''
lt_cv_sys_max_cmd_len=1572864
lt_cv_to_host_file_cmd=func_convert_file_noop
lt_cv_to_tool_file_cmd=func_convert_file_noop
pkg_cv_NFTABLES_GUI_CFLAGS='-I/usr/include/ncursesw  '
pkg_cv_NFTABLES_GUI_LIBS='-lncurses  '

## ----------------- ##
## Output variables. ##
## ----------------- ##

ACLOCAL='${SHELL} /home/caballeroalba/nftables-gui/missing aclocal-1.14'
ALL_LINGUAS=''
AMDEPBACKSLASH='\'
AMDEP_FALSE='#'
AMDEP_TRUE=''
AMTAR='$${TAR-tar}'
AM_BACKSLASH='\'
AM_DEFAULT_V='$(AM_DEFAULT_VERBOSITY)'
AM_DEFAULT_VERBOSITY='0'
AM_V='$(V)'
AR='ar'
AUTOCONF='${SHELL} /home/caballeroalba/nftables-gui/missing autoconf'
AUTOHEADER='${SHELL} /home/caballeroalba/nftables-gui/missing autoheader'
AUTOMAKE='${SHELL} /home/caballeroalba/nftables-gui/missing automake-1.14'
AWK='mawk'
CATALOGS=''
CATOBJEXT='.gmo'
CC='gcc'
CCDEPMODE='depmode=gcc3'
CFLAGS='-g -O0'
CPP='gcc -E'
CPPFLAGS=''
CYGPATH_W='echo'
DATADIRNAME='share'
DEFS='-DHAVE_CONFIG_H'
DEPDIR='.deps'
DLLTOOL='false'
DSYMUTIL=''
DUMPBIN=''
ECHO_C=''
ECHO_N='-n'
ECHO_T=''
EGREP='/bin/grep -E'
EXEEXT=''
FGREP='/bin/grep -F'
GETTEXT_PACKAGE='nftables_gui'
GMOFILES=''
GMSGFMT='/usr/bin/msgfmt'
GREP='/bin/grep'
INSTALL_DATA='${INSTALL} -m 644'
INSTALL_PROGRAM='${INSTALL}'
INSTALL_SCRIPT='${INSTALL}'
INSTALL_STRIP_PROGRAM='$(install_sh) -c -s'
INSTOBJEXT='.mo'
INTLLIBS=''
INTLTOOL_CAVES_RULE='%.caves:     %.caves.in     $(INTLTOOL_MERGE) $(wildcard $(top_srcdir)/po/*.po) ; $(INTLTOOL_V_MERGE)LC_ALL=C $(INTLTOOL_MERGE) $(INTLTOOL_V_MERGE_OPTIONS) -d -u -c $(top_builddir)/po/.intltool-merge-cache $(top_srcdir)/po $< $@'
INTLTOOL_DESKTOP_RULE='%.desktop:   %.desktop.in   $(INTLTOOL_MERGE) $(wildcard $(top_srcdir)/po/*.po) ; $(INTLTOOL_V_MERGE)LC_ALL=C $(INTLTOOL_MERGE) $(INTLTOOL_V_MERGE_OPTIONS) -d -u -c $(top_builddir)/po/.intltool-merge-cache $(top_srcdir)/po $< $@'
INTLTOOL_DIRECTORY_RULE='%.directory: %.directory.in $(INTLTOOL_MERGE) $(wildcard $(top_srcdir)/po/*.po) ; $(INTLTOOL_V_MERGE)LC_ALL=C $(INTLTOOL_MERGE) $(INTLTOOL_V_MERGE_OPTIONS) -d -u -c $(top_builddir)/po/.intltool-merge-cache $(top_srcdir)/po $< $@'
INTLTOOL_EXTRACT='/usr/bin/intltool-extract'
INTLTOOL_KBD_RULE='%.kbd:       %.kbd.in       $(INTLTOOL_MERGE) $(wildcard $(top_srcdir)/po/*.po) ; $(INTLTOOL_V_MERGE)LC_ALL=C $(INTLTOOL_MERGE) $(INTLTOOL_V_MERGE_OPTIONS) -x -u -m -c $(top_builddir)/po/.intltool-merge-cache $(top_srcdir)/po $< $@'
INTLTOOL_KEYS_RULE='%.keys:      %.keys.in      $(INTLTOOL_MERGE) $(wildcard $(top_srcdir)/po/*.po) ; $(INTLTOOL_V_MERGE)LC_ALL=C $(INTLTOOL_MERGE) $(INTLTOOL_V_MERGE_OPTIONS) -k -u -c $(top_builddir)/po/.intltool-merge-cache $(top_srcdir)/po $< $@'
INTLTOOL_MERGE='/usr/bin/intltool-merge'
INTLTOOL_OAF_RULE='%.oaf:       %.oaf.in       $(INTLTOOL_MERGE) $(wildcard $(top_srcdir)/po/*.po) ; $(INTLTOOL_V_MERGE)LC_ALL=C $(INTLTOOL_MERGE) $(INTLTOOL_V_MERGE_OPTIONS) -o -p $(top_srcdir)/po $< $@'
INTLTOOL_PERL='/usr/bin/perl'
INTLTOOL_POLICY_RULE='%.policy:    %.policy.in    $(INTLTOOL_MERGE) $(wildcard $(top_srcdir)/po/*.po) ; $(INTLTOOL_V_MERGE)LC_ALL=C $(INTLTOOL_MERGE) $(INTLTOOL_V_MERGE_OPTIONS) -x -u -c $(top_builddir)/po/.intltool-merge-cache $(top_srcdir)/po $< $@'
INTLTOOL_PONG_RULE='%.pong:      %.pong.in      $(INTLTOOL_MERGE) $(wildcard $(top_srcdir)/po/*.po) ; $(INTLTOOL_V_MERGE)LC_ALL=C $(INTLTOOL_MERGE) $(INTLTOOL_V_MERGE_OPTIONS) -x -u -c $(top_builddir)/po/.intltool-merge-cache $(top_srcdir)/po $< $@'
INTLTOOL_PROP_RULE='%.prop:      %.prop.in      $(INTLTOOL_MERGE) $(wildcard $(top_srcdir)/po/*.po) ; $(INTLTOOL_V_MERGE)LC_ALL=C $(INTLTOOL_MERGE) $(INTLTOOL_V_MERGE_OPTIONS) -d -u -c $(top_builddir)/po/.intltool-merge-cache $(top_srcdir)/po $< $@'
INTLTOOL_SCHEMAS_RULE='%.schemas:   %.schemas.in   $(INTLTOOL_MERGE) $(wildcard $(top_srcdir)/po/*.po) ; $(INTLTOOL_V_MERGE)LC_ALL=C $(INTLTOOL_MERGE) $(INTLTOOL_V_MERGE_OPTIONS) -s -u -c $(top_builddir)/po/.intltool-merge-cache $(top_srcdir)/po $< $@'
INTLTOOL_SERVER_RULE='%.server:    %.server.in    $(INTLTOOL_MERGE) $(wildcard $(top_srcdir)/po/*.po) ; $(INTLTOOL_V_MERGE)LC_ALL=C $(INTLTOOL_MERGE) $(INTLTOOL_V_MERGE_OPTIONS) -o -u -c $(top_builddir)/po/.intltool-merge-cache $(top_srcdir)/po $< $@'
INTLTOOL_SERVICE_RULE='%.service: %.service.in   $(INTLTOOL_MERGE) $(wildcard $(top_srcdir)/po/*.po) ; $(INTLTOOL_V_MERGE)LC_ALL=C $(INTLTOOL_MERGE) $(INTLTOOL_V_MERGE_OPTIONS) -d -u -c $(top_builddir)/po/.intltool-merge-cache $(top_srcdir)/po $< $@'
INTLTOOL_SHEET_RULE='%.sheet:     %.sheet.in     $(INTLTOOL_MERGE) $(wildcard $(top_srcdir)/po/*.po) ; $(INTLTOOL_V_MERGE)LC_ALL=C $(INTLTOOL_MERGE) $(INTLTOOL_V_MERGE_OPTIONS) -x -u -c $(top_builddir)/po/.intltool-merge-cache $(top_srcdir)/po $< $@'
INTLTOOL_SOUNDLIST_RULE='%.soundlist: %.soundlist.in $(INTLTOOL_MERGE) $(wildcard $(top_srcdir)/po/*.po) ; $(INTLTOOL_V_MERGE)LC_ALL=C $(INTLTOOL_MERGE) $(INTLTOOL_V_MERGE_OPTIONS) -d -u -c $(top_builddir)/po/.intltool-merge-cache $(top_srcdir)/po $< $@'
INTLTOOL_THEME_RULE='%.theme:     %.theme.in     $(INTLTOOL_MERGE) $(wildcard $(top_srcdir)/po/*.po) ; $(INTLTOOL_V_MERGE)LC_ALL=C $(INTLTOOL_MERGE) $(INTLTOOL_V_MERGE_OPTIONS) -d -u -c $(top_builddir)/po/.intltool-merge-cache $(top_srcdir)/po $< $@'
INTLTOOL_UI_RULE='%.ui:        %.ui.in        $(INTLTOOL_MERGE) $(wildcard $(top_srcdir)/po/*.po) ; $(INTLTOOL_V_MERGE)LC_ALL=C $(INTLTOOL_MERGE) $(INTLTOOL_V_MERGE_OPTIONS) -x -u -c $(top_builddir)/po/.intltool-merge-cache $(top_srcdir)/po $< $@'
INTLTOOL_UPDATE='/usr/bin/intltool-update'
INTLTOOL_V_MERGE='$(INTLTOOL__v_MERGE_$(V))'
INTLTOOL_V_MERGE_OPTIONS='$(intltool__v_merge_options_$(V))'
INTLTOOL_XAM_RULE='%.xam:       %.xml.in       $(INTLTOOL_MERGE) $(wildcard $(top_srcdir)/po/*.po) ; $(INTLTOOL_V_MERGE)LC_ALL=C $(INTLTOOL_MERGE) $(INTLTOOL_V_MERGE_OPTIONS) -x -u -c $(top_builddir)/po/.intltool-merge-cache $(top_srcdir)/po $< $@'
INTLTOOL_XML_NOMERGE_RULE='%.xml:       %.xml.in       $(INTLTOOL_MERGE) ; $(INTLTOOL_V_MERGE)LC_ALL=C $(INTLTOOL_MERGE) $(INTLTOOL_V_MERGE_OPTIONS) -x -u --no-translations $< $@'
INTLTOOL_XML_RULE='%.xml:       %.xml.in       $(INTLTOOL_MERGE) $(wildcard $(top_srcdir)/po/*.po) ; $(INTLTOOL_V_MERGE)LC_ALL=C $(INTLTOOL_MERGE) $(INTLTOOL_V_MERGE_OPTIONS) -x -u -c $(top_builddir)/po/.intltool-merge-cache $(top_srcdir)/po $< $@'
INTLTOOL__v_MERGE_0='@echo "  ITMRG " $@;'
INTLTOOL__v_MERGE_='$(INTLTOOL__v_MERGE_$(AM_DEFAULT_VERBOSITY))'
LD='/usr/bin/ld -m elf_x86_64'
LDFLAGS=''
LIBOBJS=''
LIBS=''
LIBTOOL='$(SHELL) $(top_builddir)/libtool'
LIPO=''
LN_S='ln -s'
LTLIBOBJS=''
MAKEINFO='${SHELL} /home/caballeroalba/nftables-gui/missing makeinfo'
MANIFEST_TOOL=':'
MKDIR_P='/bin/mkdir -p'
MKINSTALLDIRS='/home/caballeroalba/nftables-gui/mkinstalldirs'
MSGFMT='/usr/bin/msgfmt'
MSGFMT_OPTS='-c'
MSGMERGE='/usr/bin/msgmerge'
NFTABLES_GUI_CFLAGS='-I/usr/include/ncursesw  '
NFTABLES_GUI_LIBS='-lncurses  '
NM='/usr/bin/nm -B'
NMEDIT=''
OBJDUMP='objdump'
OBJEXT='o'
OTOOL64=''
OTOOL=''
PACKAGE='nftables_gui'
PACKAGE_BUGREPORT=''
PACKAGE_NAME='nftables_gui'
PACKAGE_STRING='nftables_gui 0.1'
PACKAGE_TARNAME='nftables_gui'
PACKAGE_URL=''
PACKAGE_VERSION='0.1'
PATH_SEPARATOR=':'
PKG_CONFIG='/usr/bin/pkg-config'
PKG_CONFIG_LIBDIR=''
PKG_CONFIG_PATH=''
POFILES=''
POSUB='po'
PO_IN_DATADIR_FALSE=''
PO_IN_DATADIR_TRUE=''
RANLIB='ranlib'
SED='/bin/sed'
SET_MAKE=''
SHELL='/bin/bash'
STRIP='strip'
USE_NLS='yes'
VERSION='0.1'
XGETTEXT='/usr/bin/xgettext'
ac_ct_AR='ar'
ac_ct_CC='gcc'
ac_ct_DUMPBIN=''
am__EXEEXT_FALSE=''
am__EXEEXT_TRUE='#'
am__fastdepCC_FALSE='#'
am__fastdepCC_TRUE=''
am__include='include'
am__isrc=' -I$(srcdir)'
am__leading_dot='.'
am__nodep='_no'
am__quote=''
am__tar='$${TAR-tar} chof - "$$tardir"'
am__untar='$${TAR-tar} xf -'
bindir='${exec_prefix}/bin'
build='x86_64-unknown-linux-gnu'
build_alias=''
build_cpu='x86_64'
build_os='linux-gnu'
build_vendor='unknown'
datadir='${datarootdir}'
datarootdir='${prefix}/share'
docdir='${datarootdir}/doc/${PACKAGE_TARNAME}'
dvidir='${docdir}'
exec_prefix='${prefix}'
host='x86_64-unknown-linux-gnu'
host_alias=''
host_cpu='x86_64'
host_os='linux-gnu'
host_vendor='unknown'
htmldir='${docdir}'
includedir='${prefix}/include'
infodir='${datarootdir}/info'
install_sh='${SHELL} /home/caballeroalba/nftables-gui/install-sh'
intltool__v_merge_options_0='-q'
intltool__v_merge_options_='$(intltool__v_merge_options_$(AM_DEFAULT_VERBOSITY))'
libdir='${exec_prefix}/lib'
libexecdir='${exec_prefix}/libexec'
localedir='${datarootdir}/locale'
localstatedir='${prefix}/var'
mandir='${datarootdir}/man'
mkdir_p='$(MKDIR_P)'
oldincludedir='/usr/include'
pdfdir='${docdir}'
prefix='/usr/local'
program_transform_name='s,x,x,'
psdir='${docdir}'
sbindir='${exec_prefix}/sbin'
sharedstatedir='${prefix}/com'
sysconfdir='${prefix}/etc'
target_alias=''

## ----------- ##
## confdefs.h. ##
## ----------- ##

/* confdefs.h */
#define PACKAGE_NAME "nftables_gui"
#define PACKAGE_TARNAME "nftables_gui"
#define PACKAGE_VERSION "0.1"
#define PACKAGE_STRING "nftables_gui 0.1"
#define PACKAGE_BUGREPORT ""
#define PACKAGE_URL ""
#define PACKAGE "nftables_gui"
#define VERSION "0.1"
#define GETTEXT_PACKAGE "nftables_gui"
#define STDC_HEADERS 1
#define HAVE_SYS_TYPES_H 1
#define HAVE_SYS_STAT_H 1
#define HAVE_STDLIB_H 1
#define HAVE_STRING_H 1
#define HAVE_MEMORY_H 1
#define HAVE_STRINGS_H 1
#define HAVE_INTTYPES_H 1
#define HAVE_STDINT_H 1
#define HAVE_UNISTD_H 1
#define HAVE_LOCALE_H 1
#define HAVE_LC_MESSAGES 1
#define HAVE_BIND_TEXTDOMAIN_CODESET 1
#define HAVE_GETTEXT 1
#define HAVE_DCGETTEXT 1
#define ENABLE_NLS 1
#define HAVE_DLFCN_H 1
#define LT_OBJDIR ".libs/"

configure: exit 0

## ---------------------- ##
## Running config.status. ##
## ---------------------- ##

This file was extended by nftables_gui config.status 0.1, which was
generated by GNU Autoconf 2.69.  Invocation command line was

  CONFIG_FILES    = 
  CONFIG_HEADERS  = 
  CONFIG_LINKS    = 
  CONFIG_COMMANDS = 
  $ ./config.status src/Makefile depfiles

on NEPTUNO

config.status:1164: creating src/Makefile
config.status:1378: executing depfiles commands
