\BOOKMARK [1][-]{section.1}{\376\377\000P\000r\000o\000l\000o\000g\000o}{}% 1
\BOOKMARK [1][-]{section.2}{\376\377\000D\000i\000f\000e\000r\000e\000n\000c\000i\000a\000s\000\040\000p\000r\000i\000n\000c\000i\000p\000a\000l\000e\000s}{}% 2
\BOOKMARK [1][-]{section.3}{\376\377\000C\000o\000n\000f\000i\000g\000u\000r\000a\000n\000d\000o\000\040\000t\000a\000b\000l\000a\000s\000\040}{}% 3
\BOOKMARK [2][-]{subsection.3.1}{\376\377\000C\000r\000e\000a\000n\000d\000o\000\040\000t\000a\000b\000l\000a\000s\000\040\000I\000p\000t\000a\000b\000l\000e\000s}{section.3}% 4
\BOOKMARK [2][-]{subsection.3.2}{\376\377\000C\000r\000e\000a\000n\000d\000o\000\040\000t\000a\000b\000l\000a\000s\000\040\000N\000f\000t\000a\000b\000l\000e\000s}{section.3}% 5
\BOOKMARK [2][-]{subsection.3.3}{\376\377\000L\000i\000s\000t\000a\000n\000d\000o\000\040\000t\000a\000b\000l\000a\000s\000\040\000e\000n\000\040\000I\000p\000t\000a\000b\000l\000e\000s}{section.3}% 6
\BOOKMARK [2][-]{subsection.3.4}{\376\377\000L\000i\000s\000t\000a\000n\000d\000o\000\040\000t\000a\000b\000l\000a\000s\000\040\000e\000n\000\040\000N\000f\000t\000a\000b\000l\000e\000s}{section.3}% 7
\BOOKMARK [2][-]{subsection.3.5}{\376\377\000B\000o\000r\000r\000a\000n\000d\000o\000\040\000t\000a\000b\000l\000a\000s\000\040\000e\000n\000\040\000i\000p\000t\000a\000b\000l\000e\000s}{section.3}% 8
\BOOKMARK [2][-]{subsection.3.6}{\376\377\000B\000o\000r\000r\000a\000n\000d\000o\000\040\000t\000a\000b\000l\000a\000s\000\040\000n\000f\000t\000a\000b\000l\000e\000s}{section.3}% 9
\BOOKMARK [2][-]{subsection.3.7}{\376\377\000V\000a\000c\000i\000a\000d\000o\000\040\000d\000e\000\040\000t\000a\000b\000l\000e\000s\000\040\000e\000n\000\040\000i\000p\000t\000a\000b\000l\000e\000s}{section.3}% 10
\BOOKMARK [2][-]{subsection.3.8}{\376\377\000V\000a\000c\000i\000a\000d\000o\000\040\000d\000e\000\040\000t\000a\000b\000l\000a\000s\000\040\000e\000n\000\040\000n\000f\000t\000a\000b\000l\000e\000s\000.}{section.3}% 11
\BOOKMARK [1][-]{section.4}{\376\377\000C\000o\000n\000f\000i\000g\000u\000r\000a\000n\000d\000o\000\040\000c\000a\000d\000e\000n\000a\000s}{}% 12
\BOOKMARK [2][-]{subsection.4.1}{\376\377\000A\000ñ\000a\000d\000i\000e\000n\000d\000o\000\040\000c\000a\000d\000e\000n\000a\000s\000\040\000e\000n\000\040\000I\000p\000t\000a\000b\000l\000e\000s}{section.4}% 13
\BOOKMARK [2][-]{subsection.4.2}{\376\377\000A\000ñ\000a\000d\000i\000e\000n\000d\000o\000\040\000t\000a\000b\000l\000a\000s\000\040\000e\000n\000\040\000n\000f\000t\000a\000b\000l\000e\000s}{section.4}% 14
\BOOKMARK [2][-]{subsection.4.3}{\376\377\000B\000o\000r\000r\000a\000n\000d\000o\000\040\000c\000a\000d\000e\000n\000a\000s\000\040\000e\000n\000\040\000i\000p\000t\000a\000b\000l\000e\000s}{section.4}% 15
\BOOKMARK [2][-]{subsection.4.4}{\376\377\000B\000o\000r\000r\000a\000n\000d\000o\000\040\000c\000a\000d\000e\000n\000a\000s\000\040\000e\000n\000\040\000n\000f\000t\000a\000b\000l\000e\000s}{section.4}% 16
\BOOKMARK [2][-]{subsection.4.5}{\376\377\000V\000a\000c\000i\000a\000n\000d\000o\000\040\000c\000a\000d\000e\000n\000a\000s\000\040\000e\000n\000\040\000i\000p\000t\000a\000b\000l\000e\000s}{section.4}% 17
\BOOKMARK [2][-]{subsection.4.6}{\376\377\000V\000a\000c\000i\000a\000n\000d\000o\000\040\000c\000a\000d\000e\000n\000a\000s\000\040\000e\000n\000\040\000n\000f\000t\000a\000b\000l\000e\000s}{section.4}% 18
\BOOKMARK [1][-]{section.5}{\376\377\000C\000o\000n\000f\000i\000g\000u\000r\000a\000n\000d\000o\000\040\000r\000e\000g\000l\000a\000s}{}% 19
\BOOKMARK [2][-]{subsection.5.1}{\376\377\000A\000ñ\000a\000d\000i\000e\000n\000d\000o\000\040\000r\000e\000g\000l\000a\000s\000\040\000e\000n\000\040\000i\000p\000t\000a\000b\000l\000e\000s}{section.5}% 20
\BOOKMARK [2][-]{subsection.5.2}{\376\377\000A\000ñ\000a\000d\000i\000e\000n\000d\000o\000\040\000r\000e\000g\000l\000a\000s\000\040\000e\000n\000\040\000n\000f\000t\000a\000b\000l\000e\000s}{section.5}% 21
\BOOKMARK [2][-]{subsection.5.3}{\376\377\000E\000l\000i\000m\000i\000n\000a\000n\000d\000o\000\040\000r\000e\000g\000l\000a\000s\000\040\000e\000n\000\040\000i\000p\000t\000a\000b\000l\000e\000s}{section.5}% 22
\BOOKMARK [2][-]{subsection.5.4}{\376\377\000E\000l\000i\000m\000i\000n\000a\000n\000d\000o\000\040\000r\000e\000g\000l\000a\000s\000\040\000e\000n\000\040\000n\000f\000t\000a\000b\000l\000e\000s}{section.5}% 23
\BOOKMARK [1][-]{section.6}{\376\377\000R\000e\000e\000m\000p\000l\000a\000z\000o\000\040\000a\000t\000ó\000m\000i\000c\000o\000\040\000d\000e\000\040\000r\000e\000g\000l\000a\000s}{}% 24
\BOOKMARK [2][-]{subsection.6.1}{\376\377\000R\000e\000e\000m\000p\000l\000a\000z\000o\000\040\000a\000t\000ó\000m\000i\000c\000o\000\040\000d\000e\000\040\000r\000e\000g\000l\000a\000s\000\040\000e\000n\000\040\000i\000p\000t\000a\000b\000l\000e\000s}{section.6}% 25
\BOOKMARK [3][-]{subsubsection.6.1.1}{\376\377\000R\000e\000e\000m\000p\000l\000a\000z\000o\000\040\000a\000t\000ó\000m\000i\000c\000o\000\040\000d\000e\000\040\000r\000e\000g\000l\000a\000s\000\040\000e\000n\000\040\000n\000f\000t\000a\000b\000l\000e\000s}{subsection.6.1}% 26
\BOOKMARK [3][-]{subsubsection.6.1.2}{\376\377\000U\000s\000o\000\040\000d\000e\000\040\000s\000c\000r\000i\000p\000t\000s\000\040\000e\000n\000\040\000e\000l\000\040\000c\000a\000m\000b\000i\000o\000\040\000d\000e\000\040\000r\000e\000g\000l\000a\000s}{subsection.6.1}% 27
\BOOKMARK [1][-]{section.7}{\376\377\000R\000e\000p\000o\000r\000t\000e\000\040\000d\000e\000\040\000e\000r\000r\000o\000r\000e\000s\000\040\000d\000e\000s\000d\000e\000\040\000l\000a\000\040\000l\000i\000n\000e\000a\000\040\000d\000e\000\040\000c\000o\000m\000a\000n\000d\000o\000s}{}% 28
\BOOKMARK [2][-]{subsection.7.1}{\376\377\000R\000e\000p\000o\000r\000t\000e\000\040\000d\000e\000\040\000e\000r\000r\000o\000r\000e\000s\000\040\000d\000e\000s\000d\000e\000\040\000l\000a\000\040\000l\000i\000n\000e\000a\000\040\000d\000e\000\040\000c\000o\000m\000a\000n\000d\000o\000s\000\040\000e\000n\000\040\000i\000p\000t\000a\000b\000l\000e\000s}{section.7}% 29
\BOOKMARK [2][-]{subsection.7.2}{\376\377\000R\000e\000p\000o\000r\000t\000e\000\040\000d\000e\000\040\000e\000r\000r\000o\000r\000e\000s\000\040\000d\000e\000s\000d\000e\000\040\000l\000a\000\040\000l\000i\000n\000e\000a\000\040\000d\000e\000\040\000c\000o\000m\000a\000n\000d\000o\000s\000\040\000e\000n\000\040\000n\000f\000t\000a\000b\000l\000e\000s}{section.7}% 30
\BOOKMARK [1][-]{section.8}{\376\377\000P\000o\000s\000i\000b\000l\000e\000s\000\040\000a\000c\000c\000i\000o\000n\000e\000s\000\040\000s\000o\000b\000r\000e\000\040\000l\000o\000s\000\040\000p\000a\000q\000u\000e\000t\000e\000s}{}% 31
\BOOKMARK [2][-]{subsection.8.1}{\376\377\000P\000o\000s\000i\000b\000l\000e\000s\000\040\000a\000c\000c\000i\000o\000n\000e\000s\000\040\000s\000o\000b\000r\000e\000s\000\040\000l\000o\000s\000\040\000p\000a\000q\000u\000e\000t\000e\000s\000\040\000e\000n\000\040\000i\000p\000t\000a\000b\000l\000e\000s}{section.8}% 32
\BOOKMARK [3][-]{subsubsection.8.1.1}{\376\377\000A\000c\000e\000p\000t\000a\000n\000d\000o\000\040\000y\000\040\000r\000e\000c\000h\000a\000z\000a\000n\000d\000o\000\040\000p\000a\000q\000u\000e\000t\000e\000s}{subsection.8.1}% 33
\BOOKMARK [3][-]{subsubsection.8.1.2}{\376\377\000S\000a\000l\000t\000a\000n\000d\000o\000\040\000a\000\040\000c\000a\000d\000e\000n\000a\000s}{subsection.8.1}% 34
\BOOKMARK [3][-]{subsubsection.8.1.3}{\376\377\000L\000o\000g\000\040\000d\000e\000\040\000p\000a\000q\000u\000e\000t\000e\000s}{subsection.8.1}% 35
\BOOKMARK [3][-]{subsubsection.8.1.4}{\376\377\000N\000A\000T}{subsection.8.1}% 36
\BOOKMARK [3][-]{subsubsection.8.1.5}{\376\377\000M\000a\000r\000c\000a\000s\000\040\000s\000o\000b\000r\000e\000\040\000l\000o\000s\000\040\000p\000a\000q\000u\000e\000t\000e\000s}{subsection.8.1}% 37
\BOOKMARK [3][-]{subsubsection.8.1.6}{\376\377\000Q\000u\000e\000u\000e\000i\000n\000g\000\040\000d\000e\000\040\000p\000a\000q\000u\000e\000t\000e\000s}{subsection.8.1}% 38
\BOOKMARK [2][-]{subsection.8.2}{\376\377\000P\000o\000s\000i\000b\000l\000e\000s\000\040\000a\000c\000c\000i\000o\000n\000e\000s\000\040\000s\000o\000b\000r\000e\000\040\000l\000o\000s\000\040\000p\000a\000q\000u\000e\000t\000e\000s\000\040\000e\000n\000\040\000n\000f\000t\000a\000b\000l\000e\000s}{section.8}% 39
\BOOKMARK [3][-]{subsubsection.8.2.1}{\376\377\000A\000c\000e\000p\000t\000a\000n\000d\000o\000\040\000y\000\040\000r\000e\000c\000h\000a\000z\000a\000n\000d\000o\000\040\000p\000a\000q\000u\000e\000t\000e\000s}{subsection.8.2}% 40
\BOOKMARK [3][-]{subsubsection.8.2.2}{\376\377\000S\000a\000l\000t\000a\000n\000d\000o\000\040\000a\000\040\000c\000a\000d\000e\000n\000a\000s}{subsection.8.2}% 41
\BOOKMARK [3][-]{subsubsection.8.2.3}{\376\377\000L\000o\000g\000\040\000d\000e\000\040\000p\000a\000q\000u\000e\000t\000e\000s}{subsection.8.2}% 42
\BOOKMARK [3][-]{subsubsection.8.2.4}{\376\377\000N\000A\000T}{subsection.8.2}% 43
\BOOKMARK [2][-]{subsection.8.3}{\376\377\000M\000a\000r\000c\000a\000s\000\040\000s\000o\000b\000r\000e\000\040\000l\000o\000s\000\040\000p\000a\000q\000u\000e\000t\000e\000s}{section.8}% 44
\BOOKMARK [2][-]{subsection.8.4}{\376\377\000Q\000u\000e\000u\000e\000i\000n\000g\000\040\000d\000e\000\040\000p\000a\000q\000u\000e\000t\000e\000s}{section.8}% 45
\BOOKMARK [1][-]{section.9}{\376\377\000E\000s\000t\000r\000u\000c\000t\000u\000r\000a\000s\000\040\000d\000e\000\040\000d\000a\000t\000o\000s\000\040\000a\000v\000a\000n\000z\000a\000d\000a\000s\000\040\000e\000n\000\040\000n\000f\000t\000a\000b\000l\000e\000s}{}% 46
\BOOKMARK [2][-]{subsection.9.1}{\376\377\000S\000e\000t\000s}{section.9}% 47
\BOOKMARK [3][-]{subsubsection.9.1.1}{\376\377\000S\000e\000t\000s\000\040\000a\000n\000o\000n\000i\000m\000o\000s\000\040}{subsection.9.1}% 48
\BOOKMARK [3][-]{subsubsection.9.1.2}{\376\377\000N\000a\000m\000e\000d\000\040\000s\000e\000t\000s}{subsection.9.1}% 49
\BOOKMARK [3][-]{subsubsection.9.1.3}{\376\377\000L\000i\000s\000t\000a\000n\000d\000o\000\040\000s\000e\000t\000s}{subsection.9.1}% 50
\BOOKMARK [2][-]{subsection.9.2}{\376\377\000D\000i\000c\000c\000i\000o\000n\000a\000r\000i\000o\000s\000\040}{section.9}% 51
\BOOKMARK [3][-]{subsubsection.9.2.1}{\376\377\000D\000i\000c\000c\000i\000o\000n\000a\000r\000i\000o\000s\000\040\000a\000n\000ó\000n\000i\000m\000o\000s}{subsection.9.2}% 52
\BOOKMARK [3][-]{subsubsection.9.2.2}{\376\377\000D\000i\000c\000c\000i\000o\000n\000a\000r\000i\000o\000s\000\040\000c\000o\000n\000\040\000n\000o\000m\000b\000r\000e}{subsection.9.2}% 53
\BOOKMARK [3][-]{subsubsection.9.2.3}{\376\377\000I\000n\000t\000e\000r\000v\000a\000l\000o\000s\000\040}{subsection.9.2}% 54
\BOOKMARK [3][-]{subsubsection.9.2.4}{\376\377\000M\000a\000p\000a\000s}{subsection.9.2}% 55
\BOOKMARK [1][-]{section.10}{\376\377\000E\000j\000e\000m\000p\000l\000o\000\040\000d\000e\000\040\000u\000s\000o\000\040\000p\000r\000a\000c\000t\000i\000c\000o\000\040\000c\000o\000n\000\040\000n\000f\000t\000a\000b\000l\000e\000s}{}% 56
