This is pdfTeX, Version 3.1415926-2.5-1.40.14 (TeX Live 2013/Debian) (format=pdflatex 2014.12.27)  10 JAN 2015 00:54
entering extended mode
 restricted \write18 enabled.
 %&-line parsing enabled.
**"prueba guapa.tex"
(./prueba guapa.tex
LaTeX2e <2011/06/27>
Babel <3.9h> and hyphenation patterns for 2 languages loaded.
(/usr/share/texlive/texmf-dist/tex/latex/base/article.cls
Document Class: article 2007/10/19 v1.4h Standard LaTeX document class
(/usr/share/texlive/texmf-dist/tex/latex/base/size10.clo
File: size10.clo 2007/10/19 v1.4h Standard LaTeX file (size option)
)
\c@part=\count79
\c@section=\count80
\c@subsection=\count81
\c@subsubsection=\count82
\c@paragraph=\count83
\c@subparagraph=\count84
\c@figure=\count85
\c@table=\count86
\abovecaptionskip=\skip41
\belowcaptionskip=\skip42
\bibindent=\dimen102
)
(/usr/share/texlive/texmf-dist/tex/latex/base/fontenc.sty
Package: fontenc 2005/09/27 v1.99g Standard LaTeX package

(/usr/share/texlive/texmf-dist/tex/latex/base/t1enc.def
File: t1enc.def 2005/09/27 v1.99g Standard LaTeX file
LaTeX Font Info:    Redeclaring font encoding T1 on input line 43.
))
(/usr/share/texlive/texmf-dist/tex/latex/url/url.sty
\Urlmuskip=\muskip10
Package: url 2013/09/16  ver 3.4  Verb mode for urls, etc.
)
(/usr/share/texlive/texmf-dist/tex/latex/graphics/graphicx.sty
Package: graphicx 1999/02/16 v1.0f Enhanced LaTeX Graphics (DPC,SPQR)

(/usr/share/texlive/texmf-dist/tex/latex/graphics/keyval.sty
Package: keyval 1999/03/16 v1.13 key=value parser (DPC)
\KV@toks@=\toks14
)
(/usr/share/texlive/texmf-dist/tex/latex/graphics/graphics.sty
Package: graphics 2009/02/05 v1.0o Standard LaTeX Graphics (DPC,SPQR)

(/usr/share/texlive/texmf-dist/tex/latex/graphics/trig.sty
Package: trig 1999/03/16 v1.09 sin cos tan (DPC)
)
(/usr/share/texlive/texmf-dist/tex/latex/latexconfig/graphics.cfg
File: graphics.cfg 2010/04/23 v1.9 graphics configuration of TeX Live
)
Package graphics Info: Driver file: pdftex.def on input line 91.

(/usr/share/texlive/texmf-dist/tex/latex/pdftex-def/pdftex.def
File: pdftex.def 2011/05/27 v0.06d Graphics/color for pdfTeX

(/usr/share/texlive/texmf-dist/tex/generic/oberdiek/infwarerr.sty
Package: infwarerr 2010/04/08 v1.3 Providing info/warning/error messages (HO)
)
(/usr/share/texlive/texmf-dist/tex/generic/oberdiek/ltxcmds.sty
Package: ltxcmds 2011/11/09 v1.22 LaTeX kernel commands for general use (HO)
)
\Gread@gobject=\count87
))
\Gin@req@height=\dimen103
\Gin@req@width=\dimen104
)
(/usr/share/texlive/texmf-dist/tex/latex/setspace/setspace.sty
Package: setspace 2011/12/19 v6.7a set line spacing
)
(/usr/share/texlive/texmf-dist/tex/latex/hyperref/hyperref.sty
Package: hyperref 2012/11/06 v6.83m Hypertext links for LaTeX

(/usr/share/texlive/texmf-dist/tex/generic/oberdiek/hobsub-hyperref.sty
Package: hobsub-hyperref 2012/05/28 v1.13 Bundle oberdiek, subset hyperref (HO)


(/usr/share/texlive/texmf-dist/tex/generic/oberdiek/hobsub-generic.sty
Package: hobsub-generic 2012/05/28 v1.13 Bundle oberdiek, subset generic (HO)
Package: hobsub 2012/05/28 v1.13 Construct package bundles (HO)
Package hobsub Info: Skipping package `infwarerr' (already loaded).
Package hobsub Info: Skipping package `ltxcmds' (already loaded).
Package: ifluatex 2010/03/01 v1.3 Provides the ifluatex switch (HO)
Package ifluatex Info: LuaTeX not detected.
Package: ifvtex 2010/03/01 v1.5 Detect VTeX and its facilities (HO)
Package ifvtex Info: VTeX not detected.
Package: intcalc 2007/09/27 v1.1 Expandable calculations with integers (HO)
Package: ifpdf 2011/01/30 v2.3 Provides the ifpdf switch (HO)
Package ifpdf Info: pdfTeX in PDF mode is detected.
Package: etexcmds 2011/02/16 v1.5 Avoid name clashes with e-TeX commands (HO)
Package etexcmds Info: Could not find \expanded.
(etexcmds)             That can mean that you are not using pdfTeX 1.50 or
(etexcmds)             that some package has redefined \expanded.
(etexcmds)             In the latter case, load this package earlier.
Package: kvsetkeys 2012/04/25 v1.16 Key value parser (HO)
Package: kvdefinekeys 2011/04/07 v1.3 Define keys (HO)
Package: pdftexcmds 2011/11/29 v0.20 Utility functions of pdfTeX for LuaTeX (HO
)
Package pdftexcmds Info: LuaTeX not detected.
Package pdftexcmds Info: \pdf@primitive is available.
Package pdftexcmds Info: \pdf@ifprimitive is available.
Package pdftexcmds Info: \pdfdraftmode found.
Package: pdfescape 2011/11/25 v1.13 Implements pdfTeX's escape features (HO)
Package: bigintcalc 2012/04/08 v1.3 Expandable calculations on big integers (HO
)
Package: bitset 2011/01/30 v1.1 Handle bit-vector datatype (HO)
Package: uniquecounter 2011/01/30 v1.2 Provide unlimited unique counter (HO)
)
Package hobsub Info: Skipping package `hobsub' (already loaded).
Package: letltxmacro 2010/09/02 v1.4 Let assignment for LaTeX macros (HO)
Package: hopatch 2012/05/28 v1.2 Wrapper for package hooks (HO)
Package: xcolor-patch 2011/01/30 xcolor patch
Package: atveryend 2011/06/30 v1.8 Hooks at the very end of document (HO)
Package atveryend Info: \enddocument detected (standard20110627).
Package: atbegshi 2011/10/05 v1.16 At begin shipout hook (HO)
Package: refcount 2011/10/16 v3.4 Data extraction from label references (HO)
Package: hycolor 2011/01/30 v1.7 Color options for hyperref/bookmark (HO)
)
(/usr/share/texlive/texmf-dist/tex/generic/ifxetex/ifxetex.sty
Package: ifxetex 2010/09/12 v0.6 Provides ifxetex conditional
)
(/usr/share/texlive/texmf-dist/tex/latex/oberdiek/auxhook.sty
Package: auxhook 2011/03/04 v1.3 Hooks for auxiliary files (HO)
)
(/usr/share/texlive/texmf-dist/tex/latex/oberdiek/kvoptions.sty
Package: kvoptions 2011/06/30 v3.11 Key value format for package options (HO)
)
\@linkdim=\dimen105
\Hy@linkcounter=\count88
\Hy@pagecounter=\count89

(/usr/share/texlive/texmf-dist/tex/latex/hyperref/pd1enc.def
File: pd1enc.def 2012/11/06 v6.83m Hyperref: PDFDocEncoding definition (HO)
)
\Hy@SavedSpaceFactor=\count90

(/usr/share/texlive/texmf-dist/tex/latex/latexconfig/hyperref.cfg
File: hyperref.cfg 2002/06/06 v1.2 hyperref configuration of TeXLive
)
Package hyperref Info: Option `unicode' set `true' on input line 4319.

(/usr/share/texlive/texmf-dist/tex/latex/hyperref/puenc.def
File: puenc.def 2012/11/06 v6.83m Hyperref: PDF Unicode definition (HO)
)
Package hyperref Info: Option `bookmarks' set `true' on input line 4319.
Package hyperref Info: Option `bookmarksnumbered' set `false' on input line 431
9.
Package hyperref Info: Option `bookmarksopen' set `false' on input line 4319.
Package hyperref Info: Option `breaklinks' set `true' on input line 4319.
Package hyperref Info: Option `colorlinks' set `false' on input line 4319.
Package hyperref Info: Hyper figures OFF on input line 4443.
Package hyperref Info: Link nesting OFF on input line 4448.
Package hyperref Info: Hyper index ON on input line 4451.
Package hyperref Info: Plain pages OFF on input line 4458.
Package hyperref Info: Backreferencing OFF on input line 4463.
Package hyperref Info: Implicit mode ON; LaTeX internals redefined.
Package hyperref Info: Bookmarks ON on input line 4688.
\c@Hy@tempcnt=\count91
LaTeX Info: Redefining \url on input line 5041.
\XeTeXLinkMargin=\dimen106
\Fld@menulength=\count92
\Field@Width=\dimen107
\Fld@charsize=\dimen108
Package hyperref Info: Hyper figures OFF on input line 6295.
Package hyperref Info: Link nesting OFF on input line 6300.
Package hyperref Info: Hyper index ON on input line 6303.
Package hyperref Info: backreferencing OFF on input line 6310.
Package hyperref Info: Link coloring OFF on input line 6315.
Package hyperref Info: Link coloring with OCG OFF on input line 6320.
Package hyperref Info: PDF/A mode OFF on input line 6325.
LaTeX Info: Redefining \ref on input line 6365.
LaTeX Info: Redefining \pageref on input line 6369.
\Hy@abspage=\count93
\c@Item=\count94
\c@Hfootnote=\count95
)

Package hyperref Message: Driver (autodetected): hpdftex.

(/usr/share/texlive/texmf-dist/tex/latex/hyperref/hpdftex.def
File: hpdftex.def 2012/11/06 v6.83m Hyperref driver for pdfTeX
\Fld@listcount=\count96
\c@bookmark@seq@number=\count97

(/usr/share/texlive/texmf-dist/tex/latex/oberdiek/rerunfilecheck.sty
Package: rerunfilecheck 2011/04/15 v1.7 Rerun checks for auxiliary files (HO)
Package uniquecounter Info: New unique counter `rerunfilecheck' on input line 2
82.
)
\Hy@SectionHShift=\skip43
)
No file "prueba guapa".aux.
\openout1 = `"prueba guapa.aux"'.

LaTeX Font Info:    Checking defaults for OML/cmm/m/it on input line 15.
LaTeX Font Info:    ... okay on input line 15.
LaTeX Font Info:    Checking defaults for T1/cmr/m/n on input line 15.
LaTeX Font Info:    ... okay on input line 15.
LaTeX Font Info:    Checking defaults for OT1/cmr/m/n on input line 15.
LaTeX Font Info:    ... okay on input line 15.
LaTeX Font Info:    Checking defaults for OMS/cmsy/m/n on input line 15.
LaTeX Font Info:    ... okay on input line 15.
LaTeX Font Info:    Checking defaults for OMX/cmex/m/n on input line 15.
LaTeX Font Info:    ... okay on input line 15.
LaTeX Font Info:    Checking defaults for U/cmr/m/n on input line 15.
LaTeX Font Info:    ... okay on input line 15.
LaTeX Font Info:    Checking defaults for PD1/pdf/m/n on input line 15.
LaTeX Font Info:    ... okay on input line 15.
LaTeX Font Info:    Checking defaults for PU/pdf/m/n on input line 15.
LaTeX Font Info:    ... okay on input line 15.
(/usr/share/texlive/texmf-dist/tex/context/base/supp-pdf.mkii
[Loading MPS to PDF converter (version 2006.09.02).]
\scratchcounter=\count98
\scratchdimen=\dimen109
\scratchbox=\box26
\nofMPsegments=\count99
\nofMParguments=\count100
\everyMPshowfont=\toks15
\MPscratchCnt=\count101
\MPscratchDim=\dimen110
\MPnumerator=\count102
\makeMPintoPDFobject=\count103
\everyMPtoPDFconversion=\toks16
) (/usr/share/texlive/texmf-dist/tex/latex/oberdiek/epstopdf-base.sty
Package: epstopdf-base 2010/02/09 v2.5 Base part for package epstopdf

(/usr/share/texlive/texmf-dist/tex/latex/oberdiek/grfext.sty
Package: grfext 2010/08/19 v1.1 Manage graphics extensions (HO)
)
Package grfext Info: Graphics extension search list:
(grfext)             [.png,.pdf,.jpg,.mps,.jpeg,.jbig2,.jb2,.PNG,.PDF,.JPG,.JPE
G,.JBIG2,.JB2,.eps]
(grfext)             \AppendGraphicsExtensions on input line 452.

(/usr/share/texlive/texmf-dist/tex/latex/latexconfig/epstopdf-sys.cfg
File: epstopdf-sys.cfg 2010/07/13 v1.3 Configuration of (r)epstopdf for TeX Liv
e
))
\AtBeginShipoutBox=\box27
Package hyperref Info: Link coloring OFF on input line 15.

(/usr/share/texlive/texmf-dist/tex/latex/hyperref/nameref.sty
Package: nameref 2012/10/27 v2.43 Cross-referencing by name of section

(/usr/share/texlive/texmf-dist/tex/generic/oberdiek/gettitlestring.sty
Package: gettitlestring 2010/12/03 v1.4 Cleanup title references (HO)
)
\c@section@level=\count104
)
LaTeX Info: Redefining \ref on input line 15.
LaTeX Info: Redefining \pageref on input line 15.
LaTeX Info: Redefining \nameref on input line 15.
\@outlinefile=\write3
\openout3 = `"prueba guapa.out"'.

LaTeX Font Info:    External font `cmex10' loaded for size
(Font)              <12> on input line 23.
LaTeX Font Info:    External font `cmex10' loaded for size
(Font)              <8> on input line 23.
LaTeX Font Info:    External font `cmex10' loaded for size
(Font)              <6> on input line 23.
\tf@toc=\write4
\openout4 = `"prueba guapa.toc"'.


[1

{/var/lib/texmf/fonts/map/pdftex/updmap/pdftex.map}]
LaTeX Font Info:    Try loading font information for OMS+cmr on input line 38.

(/usr/share/texlive/texmf-dist/tex/latex/base/omscmr.fd
File: omscmr.fd 1999/05/25 v2.5h Standard LaTeX font definitions
)
LaTeX Font Info:    Font shape `OMS/cmr/m/n' in size <10> not available
(Font)              Font shape `OMS/cmsy/m/n' tried instead on input line 38.
 [2]
Overfull \hbox (2.60992pt too wide) in paragraph at lines 80--82
[]\T1/cmr/m/n/10 iptables -t [tabla] [-AIRELNPDZ] [CA-DENA] [PARAMET-ROS] [-j A
C-CION] 
 []

[3] [4] <pegado2.png, id=35, 378.66469pt x 117.43875pt>
File: pegado2.png Graphic file (type png)
 <use pegado2.png>
Package pdftex.def Info: pegado2.png used on input line 158.
(pdftex.def)             Requested size: 378.66376pt x 117.43845pt.

Overfull \hbox (48.66376pt too wide) in paragraph at lines 158--159
[][] 
 []

<pegado3.png, id=36, 347.79938pt x 40.65187pt>
File: pegado3.png Graphic file (type png)
 <use pegado3.png>
Package pdftex.def Info: pegado3.png used on input line 162.
(pdftex.def)             Requested size: 347.79852pt x 40.65176pt.

Overfull \hbox (17.79852pt too wide) in paragraph at lines 162--163
[][] 
 []

[5 <./pegado2.png> <./pegado3.png>] [6]
<pegado4.png, id=51, 368.87813pt x 161.85469pt>
File: pegado4.png Graphic file (type png)
 <use pegado4.png>
Package pdftex.def Info: pegado4.png used on input line 230.
(pdftex.def)             Requested size: 368.87721pt x 161.85428pt.

Overfull \hbox (38.87721pt too wide) in paragraph at lines 230--231
[][] 
 []

[7 <./pegado4.png>] <pegado5.png, id=58, 405.01312pt x 99.37125pt>
File: pegado5.png Graphic file (type png)

<use pegado5.png>
Package pdftex.def Info: pegado5.png used on input line 260.
(pdftex.def)             Requested size: 405.01212pt x 99.371pt.

Overfull \hbox (75.01212pt too wide) in paragraph at lines 260--261
[][] 
 []

[8 <./pegado5.png>] <pegado6.png, id=65, 500.62032pt x 49.68562pt>
File: pegado6.png Graphic file (type png)

<use pegado6.png>
Package pdftex.def Info: pegado6.png used on input line 293.
(pdftex.def)             Requested size: 400.4968pt x 39.74855pt.

Overfull \hbox (70.4968pt too wide) in paragraph at lines 293--294
[][] 
 []

[9 <./pegado6.png>] <pegado7.png, id=74, 233.37187pt x 42.91031pt>
File: pegado7.png Graphic file (type png)

<use pegado7.png>
Package pdftex.def Info: pegado7.png used on input line 366.
(pdftex.def)             Requested size: 233.37129pt x 42.91019pt.
 [10] <pegado8.png, id=81, 314.67563pt x 54.2025pt>
File: pegado8.png Graphic file (type png)

<use pegado8.png>
Package pdftex.def Info: pegado8.png used on input line 391.
(pdftex.def)             Requested size: 314.67485pt x 54.20236pt.
 [11 <./pegado7.png> <./pegado8.png>] [12]
<pegado9.png, id=95, 454.69875pt x 37.64063pt>
File: pegado9.png Graphic file (type png)
 <use pegado9.png>
Package pdftex.def Info: pegado9.png used on input line 472.
(pdftex.def)             Requested size: 454.69763pt x 37.64052pt.

Overfull \hbox (124.69763pt too wide) in paragraph at lines 472--473
[][] 
 []

<pegado10.png, id=96, 420.06938pt x 30.86531pt>
File: pegado10.png Graphic file (type png)
 <use pegado10.png>
Package pdftex.def Info: pegado10.png used on input line 477.
(pdftex.def)             Requested size: 420.06836pt x 30.86522pt.

Overfull \hbox (90.06836pt too wide) in paragraph at lines 477--478
[][] 
 []

[13 <./pegado9.png> <./pegado10.png>]
<pegado11.png, id=105, 140.77594pt x 15.80907pt>
File: pegado11.png Graphic file (type png)
 <use pegado11.png>
Package pdftex.def Info: pegado11.png used on input line 487.
(pdftex.def)             Requested size: 140.77557pt x 15.809pt.

<pegado12.png, id=106, 231.11343pt x 25.59563pt>
File: pegado12.png Graphic file (type png)
 <use pegado12.png>
Package pdftex.def Info: pegado12.png used on input line 507.
(pdftex.def)             Requested size: 231.11287pt x 25.59555pt.

<pegado14.png, id=107, 432.11438pt x 31.61812pt>
File: pegado14.png Graphic file (type png)
 <use pegado14.png>
Package pdftex.def Info: pegado14.png used on input line 512.
(pdftex.def)             Requested size: 432.11331pt x 31.61803pt.

Overfull \hbox (102.11331pt too wide) in paragraph at lines 512--513
[][] 
 []

<pegado15.png, id=108, 232.61906pt x 19.57312pt>
File: pegado15.png Graphic file (type png)
 <use pegado15.png>
Package pdftex.def Info: pegado15.png used on input line 520.
(pdftex.def)             Requested size: 232.61848pt x 19.57306pt.
 [14 <./pegado11.png> <./pegado12.png> <./pegado14.png> <./pegado15.png>] [15]
<pegado16.png, id=123, 550.30594pt x 51.19125pt>
File: pegado16.png Graphic file (type png)
 <use pegado16.png>
Package pdftex.def Info: pegado16.png used on input line 573.
(pdftex.def)             Requested size: 550.3046pt x 51.19112pt.

Overfull \hbox (220.3046pt too wide) in paragraph at lines 573--574
[][] 
 []

[16 <./pegado16.png>] [17]
Overfull \hbox (2.62183pt too wide) in paragraph at lines 651--652
[]\T1/cmr/m/n/10 Información obtenida de http://tldp.org/HOWTO/Adv-Routing-
 []

[18]
LaTeX Font Info:    Try loading font information for T1+cmtt on input line 682.

 (/usr/share/texlive/texmf-dist/tex/latex/base/t1cmtt.fd
File: t1cmtt.fd 1999/05/25 v2.5h Standard LaTeX font definitions
)
LaTeX Font Info:    External font `cmex10' loaded for size
(Font)              <7> on input line 682.
LaTeX Font Info:    External font `cmex10' loaded for size
(Font)              <5> on input line 682.

Overfull \hbox (8.95361pt too wide) in paragraph at lines 681--683
\T1/cmr/m/n/10 ac-tu-al-izado) en []$\T1/cmtt/m/n/10 http : / / www . netfilter
 . org / documentation / HOWTO /
 []

[19] <pegado17.png, id=150, 326.72063pt x 55.70813pt>
File: pegado17.png Graphic file (type png)
 <use pegado17.png>
Package pdftex.def Info: pegado17.png used on input line 703.
(pdftex.def)             Requested size: 326.71982pt x 55.70798pt.

Overfull \hbox (45.74405pt too wide) in paragraph at lines 718--719
[]\T1/cmr/m/n/10 nft add rule nom-bre_tabla nom-bre_cadena [op-er-adores] jump 
ca-dena_personalizada 
 []

<pegado18.png, id=151, 312.41719pt x 124.96687pt>
File: pegado18.png Graphic file (type png)
 <use pegado18.png>
Package pdftex.def Info: pegado18.png used on input line 726.
(pdftex.def)             Requested size: 312.41641pt x 124.96657pt.
 [20 <./pegado17.png>] <pegado19.png, id=159, 606.01407pt x 13.55063pt> [21 <./
pegado18.png>]
File: pegado19.png Graphic file (type png)
 <use pegado19.png>
Package pdftex.def Info: pegado19.png used on input line 758.
(pdftex.def)             Requested size: 606.01259pt x 13.55058pt.

Overfull \hbox (276.01259pt too wide) in paragraph at lines 758--759
[][] 
 []

[22 <./pegado19.png>] [23]
Overfull \hbox (21.95056pt too wide) in paragraph at lines 858--860
\T1/cmr/m/n/10 de nfta-bles disponible en: []$\T1/cmtt/m/n/10 http : / / wiki .
 nftables . org / wiki-[]nftables /
 []


Overfull \hbox (9.42572pt too wide) in paragraph at lines 858--860
\T1/cmtt/m/n/10 index . php / Performing _ Network _ Address _ Translation _ %2
8NAT % 29$[] 
 []

[24]
Overfull \hbox (6.38641pt too wide) in paragraph at lines 900--903
\T1/cmr/m/n/10 rendimiento en la clasi-fi-cación de pa-que-tes, esta es una car
-ac-terís-tica no disponible
 []

[25] <pegado20.png, id=193, 228.855pt x 63.98906pt>
File: pegado20.png Graphic file (type png)
 <use pegado20.png>
Package pdftex.def Info: pegado20.png used on input line 949.
(pdftex.def)             Requested size: 228.85443pt x 63.98889pt.
 [26]
<pegado21.png, id=201, 460.72125pt x 85.06781pt>
File: pegado21.png Graphic file (type png)
 <use pegado21.png>
Package pdftex.def Info: pegado21.png used on input line 961.
(pdftex.def)             Requested size: 460.72012pt x 85.0676pt.

Overfull \hbox (130.72012pt too wide) in paragraph at lines 961--962
[][] 
 []

<pegado22.png, id=202, 369.63094pt x 58.71938pt>
File: pegado22.png Graphic file (type png)
 <use pegado22.png>
Package pdftex.def Info: pegado22.png used on input line 970.
(pdftex.def)             Requested size: 369.63002pt x 58.71921pt.

Overfull \hbox (39.63002pt too wide) in paragraph at lines 970--971
[][] 
 []

[27 <./pegado20.png> <./pegado21.png> <./pegado22.png>]
Overfull \hbox (0.92166pt too wide) in paragraph at lines 992--994
[]\T1/cmr/m/n/10 nft add rule ip6 fil-ter in-put icmpv6 type { nd-neighbor-soli
cit, echo-request,
 []

[28] [29] [30] [31]
Package atveryend Info: Empty hook `BeforeClearDocument' on input line 1138.
 [32]
Package atveryend Info: Empty hook `AfterLastShipout' on input line 1138.
 (./prueba guapa.aux)
Package atveryend Info: Executing hook `AtVeryEndDocument' on input line 1138.
Package atveryend Info: Executing hook `AtEndAfterFileList' on input line 1138.



Package rerunfilecheck Warning: File `"prueba guapa".out' has changed.
(rerunfilecheck)                Rerun to get outlines right
(rerunfilecheck)                or use package `bookmark'.

Package rerunfilecheck Info: Checksums for `"prueba guapa".out':
(rerunfilecheck)             Before: <no file>
(rerunfilecheck)             After:  EA1CC4D57F1FCD0042C05CDCA1E96635;10936.
Package atveryend Info: Empty hook `AtVeryVeryEnd' on input line 1138.
 ) 
Here is how much of TeX's memory you used:
 8679 strings out of 495028
 121694 string characters out of 6181496
 179124 words of memory out of 5000000
 11732 multiletter control sequences out of 15000+600000
 12079 words of font info for 31 fonts, out of 8000000 for 9000
 14 hyphenation exceptions out of 8191
 29i,6n,28p,247b,481s stack positions out of 5000i,500n,10000p,200000b,80000s
 </home/caballeroalba/.texmf-var/fonts/pk/ljfour/jknappen/ec/ectt1000.600pk> 
</home/caballeroalba/.texmf-var/fonts/pk/ljfour/jknappen/ec/ecbx1000.600pk> </h
ome/caballeroalba/.texmf-var/fonts/pk/ljfour/jknappen/ec/ecbx1200.600pk> </home
/caballeroalba/.texmf-var/fonts/pk/ljfour/jknappen/ec/ecrm1000.600pk> </home/ca
balleroalba/.texmf-var/fonts/pk/ljfour/jknappen/ec/ecbx1440.600pk> </home/cabal
leroalba/.texmf-var/fonts/pk/ljfour/jknappen/ec/ecrm1200.600pk> </home/caballer
oalba/.texmf-var/fonts/pk/ljfour/jknappen/ec/ecrm1728.600pk></usr/share/texlive
/texmf-dist/fonts/type1/public/amsfonts/cm/cmsy10.pfb>
Output written on "prueba guapa.pdf" (32 pages, 272997 bytes).
PDF statistics:
 591 PDF objects out of 1000 (max. 8388607)
 240 compressed objects within 3 object streams
 105 named destinations out of 1000 (max. 500000)
 101 words of extra memory for PDF output out of 10000 (max. 10000000)

